Exception in the code. 
[sun.misc.FloatingDecimal.readJavaFormatString(FloatingDecimal.java:2043), sun.misc.FloatingDecimal.parseDouble(FloatingDecimal.java:110), java.lang.Double.parseDouble(Double.java:538), com.team3.util.UtilJson.creerTerrain(UtilJson.java:12), com.team3.main.AppCtr.main(AppCtr.java:26)]

Exception in the code. 
[net.sf.json.JSONObject.getString(JSONObject.java:2092), com.team3.util.UtilLotissement.creerListeLotissements(UtilLotissement.java:17), com.team3.main.AppCtr.main(AppCtr.java:27)]

Exception in the code. 
[net.sf.json.JSONObject.getString(JSONObject.java:2092), com.team3.util.UtilLotissement.creerListeLotissements(UtilLotissement.java:17), com.team3.util.UtilJson.creerTerrain(UtilJson.java:18), com.team3.main.AppCtr.main(AppCtr.java:25)]

Exception in the code. 
[sun.misc.FloatingDecimal.readJavaFormatString(FloatingDecimal.java:2043), sun.misc.FloatingDecimal.parseDouble(FloatingDecimal.java:110), java.lang.Double.parseDouble(Double.java:538), com.team3.model.Terrain.creerTerrain(Terrain.java:97), com.team3.util.UtilJson.traiterFichierJson(UtilJson.java:44), com.team3.main.AppCtr.main(AppCtr.java:12)]

Exception in the code. 
[com.team3.util.UtilJson.traiterFichierJson(UtilJson.java:47), com.team3.main.AppCtr.main(AppCtr.java:12)]

Exception in the code. 
[sun.misc.FloatingDecimal.readJavaFormatString(FloatingDecimal.java:2043), sun.misc.FloatingDecimal.parseDouble(FloatingDecimal.java:110), java.lang.Double.parseDouble(Double.java:538), com.team3.model.Terrain.creerTerrain(Terrain.java:97), com.team3.util.UtilJson.traiterFichierJson(UtilJson.java:44), com.team3.main.AppCtr.main(AppCtr.java:12)]

Exception in the code. 
[com.team3.util.UtilJson.traiterFichierJson(UtilJson.java:47), com.team3.main.AppCtr.main(AppCtr.java:12)]

Exception in the code. 
[com.team3.main.AppCtr.main(AppCtr.java:10)]

Exception in the code. 
[java.io.FileInputStream.open0(Native Method), java.io.FileInputStream.open(Unknown Source), java.io.FileInputStream.<init>(Unknown Source), java.io.FileInputStream.<init>(Unknown Source), com.team3.util.FileReader.loadFileIntoString(FileReader.java:12), com.team3.util.UtilJson.traiterFichierJson(UtilJson.java:38), com.team3.main.AppCtr.main(AppCtr.java:11), sun.reflect.NativeMethodAccessorImpl.invoke0(Native Method), sun.reflect.NativeMethodAccessorImpl.invoke(Unknown Source), sun.reflect.DelegatingMethodAccessorImpl.invoke(Unknown Source), java.lang.reflect.Method.invoke(Unknown Source), com.simontuffs.onejar.Boot.run(Boot.java:340), com.simontuffs.onejar.Boot.main(Boot.java:166)]

Exception in the code. 
[java.io.FileInputStream.open0(Native Method), java.io.FileInputStream.open(Unknown Source), java.io.FileInputStream.<init>(Unknown Source), java.io.FileInputStream.<init>(Unknown Source), com.team3.util.FileReader.loadFileIntoString(FileReader.java:12), com.team3.util.UtilJson.traiterFichierJson(UtilJson.java:38), com.team3.main.AppCtr.main(AppCtr.java:11), sun.reflect.NativeMethodAccessorImpl.invoke0(Native Method), sun.reflect.NativeMethodAccessorImpl.invoke(Unknown Source), sun.reflect.DelegatingMethodAccessorImpl.invoke(Unknown Source), java.lang.reflect.Method.invoke(Unknown Source), com.simontuffs.onejar.Boot.run(Boot.java:340), com.simontuffs.onejar.Boot.main(Boot.java:166)]

Exception in the code. 
[java.io.FileInputStream.open0(Native Method), java.io.FileInputStream.open(Unknown Source), java.io.FileInputStream.<init>(Unknown Source), java.io.FileInputStream.<init>(Unknown Source), com.team3.util.FileReader.loadFileIntoString(FileReader.java:12), com.team3.util.UtilJson.traiterFichierJson(UtilJson.java:38), com.team3.main.AppCtr.main(AppCtr.java:11), sun.reflect.NativeMethodAccessorImpl.invoke0(Native Method), sun.reflect.NativeMethodAccessorImpl.invoke(Unknown Source), sun.reflect.DelegatingMethodAccessorImpl.invoke(Unknown Source), java.lang.reflect.Method.invoke(Unknown Source), com.simontuffs.onejar.Boot.run(Boot.java:340), com.simontuffs.onejar.Boot.main(Boot.java:166)]

Exception in the code. 
[java.io.FileInputStream.open0(Native Method), java.io.FileInputStream.open(Unknown Source), java.io.FileInputStream.<init>(Unknown Source), java.io.FileInputStream.<init>(Unknown Source), com.team3.util.FileReader.loadFileIntoString(FileReader.java:12), com.team3.util.UtilJson.traiterFichierJson(UtilJson.java:38), com.team3.main.AppCtr.main(AppCtr.java:11), sun.reflect.NativeMethodAccessorImpl.invoke0(Native Method), sun.reflect.NativeMethodAccessorImpl.invoke(Unknown Source), sun.reflect.DelegatingMethodAccessorImpl.invoke(Unknown Source), java.lang.reflect.Method.invoke(Unknown Source), com.simontuffs.onejar.Boot.run(Boot.java:340), com.simontuffs.onejar.Boot.main(Boot.java:166)]

